::1 - - [07/Apr/2020:02:09:18 +0900] "GET / HTTP/1.1" 200 1149
::1 - - [07/Apr/2020:02:09:19 +0900] "GET /colors.js HTTP/1.1" 200 952
::1 - - [07/Apr/2020:02:09:19 +0900] "GET /favicon.ico HTTP/1.1" 404 196
::1 - - [07/Apr/2020:02:11:27 +0900] "GET /fetch.html HTTP/1.1" 200 278
::1 - - [07/Apr/2020:02:11:28 +0900] "GET /css HTTP/1.1" 200 23
::1 - - [07/Apr/2020:02:13:10 +0900] "GET /fetch.html HTTP/1.1" 200 279
::1 - - [07/Apr/2020:02:13:10 +0900] "GET /html HTTP/1.1" 200 25
::1 - - [07/Apr/2020:02:15:23 +0900] "GET /fetch.html HTTP/1.1" 200 403
::1 - - [07/Apr/2020:02:15:24 +0900] "GET /html HTTP/1.1" 304 -
::1 - - [07/Apr/2020:02:15:47 +0900] "GET /fetch.html HTTP/1.1" 200 361
::1 - - [07/Apr/2020:02:15:48 +0900] "GET /html HTTP/1.1" 304 -
::1 - - [07/Apr/2020:02:16:47 +0900] "-" 408 -
::1 - - [08/Apr/2020:03:37:28 +0900] "GET / HTTP/1.1" 200 1138
::1 - - [08/Apr/2020:03:37:28 +0900] "GET /colors.js HTTP/1.1" 304 -
::1 - - [08/Apr/2020:03:37:30 +0900] "GET /html HTTP/1.1" 200 334
::1 - - [08/Apr/2020:03:37:31 +0900] "GET /css HTTP/1.1" 200 236
::1 - - [08/Apr/2020:03:37:40 +0900] "GET /html HTTP/1.1" 304 -
::1 - - [08/Apr/2020:03:37:41 +0900] "GET /css HTTP/1.1" 304 -
::1 - - [08/Apr/2020:03:37:42 +0900] "GET /javascript HTTP/1.1" 200 492
::1 - - [08/Apr/2020:03:38:33 +0900] "GET / HTTP/1.1" 200 1137
::1 - - [08/Apr/2020:03:38:34 +0900] "GET /javascript HTTP/1.1" 304 -
::1 - - [08/Apr/2020:03:38:35 +0900] "GET /css HTTP/1.1" 304 -
::1 - - [08/Apr/2020:03:38:35 +0900] "GET /html HTTP/1.1" 304 -
::1 - - [08/Apr/2020:03:39:32 +0900] "GET / HTTP/1.1" 200 1124
::1 - - [08/Apr/2020:03:39:33 +0900] "GET /javascript HTTP/1.1" 304 -
::1 - - [08/Apr/2020:03:39:34 +0900] "GET /html HTTP/1.1" 304 -
::1 - - [08/Apr/2020:03:39:34 +0900] "GET /css HTTP/1.1" 304 -
::1 - - [08/Apr/2020:03:39:51 +0900] "GET / HTTP/1.1" 200 1124
::1 - - [08/Apr/2020:03:39:53 +0900] "GET /css HTTP/1.1" 304 -
::1 - - [08/Apr/2020:03:39:53 +0900] "GET /javascript HTTP/1.1" 304 -
::1 - - [08/Apr/2020:03:40:33 +0900] "GET / HTTP/1.1" 200 1121
::1 - - [08/Apr/2020:03:40:35 +0900] "GET /html HTTP/1.1" 304 -
::1 - - [08/Apr/2020:03:40:35 +0900] "GET /css HTTP/1.1" 304 -
::1 - - [08/Apr/2020:03:40:36 +0900] "GET /javascript HTTP/1.1" 304 -
::1 - - [08/Apr/2020:03:41:33 +0900] "-" 408 -
::1 - - [08/Apr/2020:03:45:48 +0900] "GET / HTTP/1.1" 200 858
::1 - - [08/Apr/2020:03:45:49 +0900] "GET /html HTTP/1.1" 304 -
::1 - - [08/Apr/2020:03:45:49 +0900] "GET /css HTTP/1.1" 304 -
::1 - - [08/Apr/2020:03:45:50 +0900] "GET /javascript HTTP/1.1" 200 504
::1 - - [08/Apr/2020:03:48:39 +0900] "GET /javascript HTTP/1.1" 304 -
::1 - - [08/Apr/2020:03:48:40 +0900] "GET /css HTTP/1.1" 304 -
::1 - - [08/Apr/2020:03:48:41 +0900] "GET /html HTTP/1.1" 304 -
::1 - - [08/Apr/2020:03:52:02 +0900] "GET /hash.html HTTP/1.1" 200 3105
::1 - - [08/Apr/2020:03:52:12 +0900] "GET /hash.html/ HTTP/1.1" 404 196
::1 - - [08/Apr/2020:03:52:38 +0900] "GET /hash.html HTTP/1.1" 304 -
::1 - - [08/Apr/2020:03:52:50 +0900] "GET /hash.html HTTP/1.1" 304 -
::1 - - [08/Apr/2020:03:52:55 +0900] "GET /hash.html HTTP/1.1" 304 -
::1 - - [08/Apr/2020:03:52:55 +0900] "GET /hash.html HTTP/1.1" 304 -
::1 - - [08/Apr/2020:03:53:40 +0900] "GET /hash.html HTTP/1.1" 200 3152
::1 - - [08/Apr/2020:03:54:40 +0900] "-" 408 -
::1 - - [08/Apr/2020:03:56:32 +0900] "GET /hash.html HTTP/1.1" 200 2552
::1 - - [08/Apr/2020:03:56:44 +0900] "GET /hash.html HTTP/1.1" 304 -
::1 - - [08/Apr/2020:03:57:44 +0900] "-" 408 -
::1 - - [08/Apr/2020:04:01:16 +0900] "GET / HTTP/1.1" 200 983
::1 - - [08/Apr/2020:04:01:17 +0900] "GET /css HTTP/1.1" 200 750
::1 - - [08/Apr/2020:04:01:19 +0900] "GET /html HTTP/1.1" 200 752
::1 - - [08/Apr/2020:04:02:17 +0900] "GET /css HTTP/1.1" 304 -
::1 - - [08/Apr/2020:04:03:10 +0900] "GET / HTTP/1.1" 200 1030
::1 - - [08/Apr/2020:04:03:13 +0900] "GET /javascript HTTP/1.1" 200 764
::1 - - [08/Apr/2020:04:04:14 +0900] "GET / HTTP/1.1" 200 1025
::1 - - [08/Apr/2020:04:04:15 +0900] "GET /html HTTP/1.1" 304 -
::1 - - [08/Apr/2020:04:04:16 +0900] "GET /css HTTP/1.1" 304 -
::1 - - [08/Apr/2020:04:04:25 +0900] "GET / HTTP/1.1" 304 -
::1 - - [08/Apr/2020:04:06:25 +0900] "GET / HTTP/1.1" 200 1023
::1 - - [08/Apr/2020:04:06:26 +0900] "GET /html HTTP/1.1" 200 752
::1 - - [08/Apr/2020:04:06:26 +0900] "GET /css HTTP/1.1" 304 -
::1 - - [08/Apr/2020:04:06:27 +0900] "GET /javascript HTTP/1.1" 304 -
::1 - - [08/Apr/2020:04:06:36 +0900] "GET / HTTP/1.1" 304 -
::1 - - [08/Apr/2020:04:07:36 +0900] "-" 408 -
::1 - - [08/Apr/2020:04:13:48 +0900] "GET / HTTP/1.1" 200 976
::1 - - [08/Apr/2020:04:14:47 +0900] "GET / HTTP/1.1" 304 -
::1 - - [08/Apr/2020:04:14:47 +0900] "GET /welcome HTTP/1.1" 200 27
::1 - - [08/Apr/2020:04:14:47 +0900] "GET /list HTTP/1.1" 200 205
::1 - - [08/Apr/2020:04:14:49 +0900] "GET /html HTTP/1.1" 304 -
::1 - - [08/Apr/2020:04:14:50 +0900] "GET /css HTTP/1.1" 304 -
::1 - - [08/Apr/2020:04:14:50 +0900] "GET /javascript HTTP/1.1" 304 -
::1 - - [08/Apr/2020:04:15:27 +0900] "GET / HTTP/1.1" 304 -
::1 - - [08/Apr/2020:04:15:27 +0900] "GET /list HTTP/1.1" 200 269
::1 - - [08/Apr/2020:04:15:28 +0900] "GET /ajax HTTP/1.1" 404 196
::1 - - [08/Apr/2020:04:18:55 +0900] "GET / HTTP/1.1" 200 1004
::1 - - [08/Apr/2020:04:18:55 +0900] "GET /html HTTP/1.1" 304 -
::1 - - [08/Apr/2020:04:18:55 +0900] "GET /list HTTP/1.1" 200 19
